<?xml version="1.0" encoding="UTF-8"?>
<!-- Generated by org.testng.reporters.JUnitReportReporter -->
<testsuite hostname="ODUS" failures="0" tests="2" name="ui_Tests.LoginDataWithErrorMessage_Test" time="21.063" errors="0" timestamp="2023-10-11T17:12:46 WAT" skipped="0">
  <testcase classname="ui_Tests.LoginDataWithErrorMessage_Test" name="verifyLoginCredentials" time="10.064"/>
  <testcase classname="ui_Tests.LoginDataWithErrorMessage_Test" name="verifyLoginCredentials" time="10.999"/>
</testsuite> <!-- ui_Tests.LoginDataWithErrorMessage_Test -->
